This is METAFONT, Version 2.71828182 (preloaded base=mf 2025.7.16)  16 SEP 2025 14:52
**assignment1.md assignment2.md assignment3.md assignment4.md assignment5.md as
signment6.md module2
(assignment1.md
>> #Wenn.etwas.gratis.ist
! Isolated expression.
<to be read again> 
                   ,
l.1 # Wenn etwas gratis ist,
                             bist du das Produkt
? 
! Extra tokens will be flushed.
<to be read again> 
                   ,
l.1 # Wenn etwas gratis ist,
                             bist du das Produkt
? 
! Interruption.
l.1 # Wenn etwas gratis ist,
                             bist du das Produkt
? 
! Text line contains an invalid character.
l.3 ...nstagram Geld verdienen um besser einzusch√
                                                  §tzen, wie wir "bezahlen".
? 
! Text line contains an invalid character.
l.3 ...stagram Geld verdienen um besser einzusch√§
                                                  tzen, wie wir "bezahlen".
? 
! Text line contains an invalid character.
l.5 ...ungen in der Welt der Social-Media-Apps. W√
                                                  §hlt eine App aus und entw...

? 
! Text line contains an invalid character.
l.5 ...ngen in der Welt der Social-Media-Apps. W√§
                                                  hlt eine App aus und entwi...

? 
! Text line contains an invalid character.
l.5 ...d entwickelt erste Theorien zu ihrem Gesch√
                                                  §ftsmodell.
? 
! Text line contains an invalid character.
l.5 ... entwickelt erste Theorien zu ihrem Gesch√§
                                                  ftsmodell.
? 
! Text line contains an invalid character.
l.7 Schritt-f√
              ºr-Schritt Anleitung:
? 
! Text line contains an invalid character.
l.7 Schritt-f√º
               r-Schritt Anleitung:
? 
! Text line contains an invalid character.
l.9 2. W√
         §hlt eine App: Entscheidet euch als Team f√ºr eine der folgenden Ap...

? 
! Text line contains an invalid character.
l.9 2. W√§
          hlt eine App: Entscheidet euch als Team f√ºr eine der folgenden Ap...

? 
! Text line contains an invalid character.
l.9 ...§hlt eine App: Entscheidet euch als Team f√
                                                  ºr eine der folgenden Apps...

? 
! Text line contains an invalid character.
l.9 ...hlt eine App: Entscheidet euch als Team f√º
                                                  r eine der folgenden Apps,...

? 
! Text line contains an invalid character.
l.16 * Die Geld-Frage: Wie k√
                             ∂nnte diese App Geld verdienen, obwohl sie f√ºr...

? 
! Text line contains an invalid character.
l.16 * Die Geld-Frage: Wie k√∂
                              nnte diese App Geld verdienen, obwohl sie f√ºr...

? 
! Text line contains an invalid character.
l.16 ...te diese App Geld verdienen, obwohl sie f√
                                                  ºr uns kostenlos ist?
? 
! Text line contains an invalid character.
l.16 ...e diese App Geld verdienen, obwohl sie f√º
                                                  r uns kostenlos ist?
? 
)
! File ended while scanning to the end of the statement.
<inserted text> 
                ;
<*> assignment1.md
                   assignment2.md assignment3.md assignment4.md assignment5....

? 

*
(Please type a command or say `end')
*
(Please type a command or say `end')
*
(Please type a command or say `end')
*
(Please type a command or say `end')
*
(Please type a command or say `end')
*
(Please type a command or say `end')
*
(Please type a command or say `end')
*
(Please type a command or say `end')
*
(Please type a command or say `end')
*
(Please type a command or say `end')
*
(Please type a command or say `end')
*
(Please type a command or say `end')
*
(Please type a command or say `end')
*
(Please type a command or say `end')
*
(Please type a command or say `end')
*
(Please type a command or say `end')
*
(Please type a command or say `end')
*
(Please type a command or say `end')
*
(Please type a command or say `end')
*
(Please type a command or say `end')
*
(Please type a command or say `end')
*
(Please type a command or say `end')
*
(Please type a command or say `end')
*
(Please type a command or say `end')
*
(Please type a command or say `end')
*
(Please type a command or say `end')
*
(Please type a command or say `end')
*
(Please type a command or say `end')
*end

